# JRE version: Java(TM) SE Runtime Environment (8.0_112-b15) (build 1.8.0_112-b15)
# Java VM: Java HotSpot(TM) 64-Bit Server VM (25.112-b15 mixed mode windows-amd64 compressed oops)
Heap:
 PSYoungGen      total 53248K, used 45710K [0x00000007bc400000, 0x00000007c0000000, 0x00000007c0000000)
  eden space 45056K, 91% used [0x00000007bc400000,0x00000007bec45e38,0x00000007bf000000)
  from space 8192K, 54% used [0x00000007bf000000,0x00000007bf45dc18,0x00000007bf800000)
  to   space 7680K, 0% used [0x00000007bf880000,0x00000007bf880000,0x00000007c0000000)
 ParOldGen       total 303104K, used 67568K [0x0000000700000000, 0x0000000712800000, 0x00000007bc400000)
  object space 303104K, 22% used [0x0000000700000000,0x00000007041fc050,0x0000000712800000)
 Metaspace       used 73585K, capacity 74269K, committed 74928K, reserved 1114112K
  class space    used 9900K, capacity 10051K, committed 10160K, reserved 1048576K
GC Heap History (10 events):
Event: 7895.576 GC heap before
{Heap before GC invocations=658 (full 11):
 PSYoungGen      total 52224K, used 48097K [0x00000007bc400000, 0x00000007c0000000, 0x00000007c0000000)
  eden space 43008K, 100% used [0x00000007bc400000,0x00000007bee00000,0x00000007bee00000)
  from space 9216K, 55% used [0x00000007bf700000,0x00000007bfbf87a0,0x00000007c0000000)
  to   space 9216K, 0% used [0x00000007bee00000,0x00000007bee00000,0x00000007bf700000)
 ParOldGen       total 303104K, used 65156K [0x0000000700000000, 0x0000000712800000, 0x00000007bc400000)
  object space 303104K, 21% used [0x0000000700000000,0x0000000703fa13d8,0x0000000712800000)
 Metaspace       used 73553K, capacity 74193K, committed 74928K, reserved 1114112K
  class space    used 9896K, capacity 10049K, committed 10160K, reserved 1048576K
Event: 7895.582 GC heap after
Heap after GC invocations=658 (full 11):
 PSYoungGen      total 52224K, used 5744K [0x00000007bc400000, 0x00000007c0000000, 0x00000007c0000000)
  eden space 43008K, 0% used [0x00000007bc400000,0x00000007bc400000,0x00000007bee00000)
  from space 9216K, 62% used [0x00000007bee00000,0x00000007bf39c198,0x00000007bf700000)
  to   space 9216K, 0% used [0x00000007bf700000,0x00000007bf700000,0x00000007c0000000)
 ParOldGen       total 303104K, used 65172K [0x0000000700000000, 0x0000000712800000, 0x00000007bc400000)
  object space 303104K, 21% used [0x0000000700000000,0x0000000703fa53d8,0x0000000712800000)
 Metaspace       used 73553K, capacity 74193K, committed 74928K, reserved 1114112K
  class space    used 9896K, capacity 10049K, committed 10160K, reserved 1048576K
}
Event: 7897.208 GC heap before
{Heap before GC invocations=659 (full 11):
 PSYoungGen      total 52224K, used 48752K [0x00000007bc400000, 0x00000007c0000000, 0x00000007c0000000)
  eden space 43008K, 100% used [0x00000007bc400000,0x00000007bee00000,0x00000007bee00000)
  from space 9216K, 62% used [0x00000007bee00000,0x00000007bf39c198,0x00000007bf700000)
  to   space 9216K, 0% used [0x00000007bf700000,0x00000007bf700000,0x00000007c0000000)
 ParOldGen       total 303104K, used 65172K [0x0000000700000000, 0x0000000712800000, 0x00000007bc400000)
  object space 303104K, 21% used [0x0000000700000000,0x0000000703fa53d8,0x0000000712800000)
 Metaspace       used 73565K, capacity 74263K, committed 74928K, reserved 1114112K
  class space    used 9898K, capacity 10050K, committed 10160K, reserved 1048576K
Event: 7897.215 GC heap after
Heap after GC invocations=659 (full 11):
 PSYoungGen      total 52736K, used 4528K [0x00000007bc400000, 0x00000007c0000000, 0x00000007c0000000)
  eden space 43520K, 0% used [0x00000007bc400000,0x00000007bc400000,0x00000007bee80000)
  from space 9216K, 49% used [0x00000007bf700000,0x00000007bfb6c198,0x00000007c0000000)
  to   space 8704K, 0% used [0x00000007bee80000,0x00000007bee80000,0x00000007bf700000)
 ParOldGen       total 303104K, used 66246K [0x0000000700000000, 0x0000000712800000, 0x00000007bc400000)
  object space 303104K, 21% used [0x0000000700000000,0x00000007040b1a60,0x0000000712800000)
 Metaspace       used 73565K, capacity 74263K, committed 74928K, reserved 1114112K
  class space    used 9898K, capacity 10050K, committed 10160K, reserved 1048576K
}
Event: 7899.201 GC heap before
{Heap before GC invocations=660 (full 11):
 PSYoungGen      total 52736K, used 48048K [0x00000007bc400000, 0x00000007c0000000, 0x00000007c0000000)
  eden space 43520K, 100% used [0x00000007bc400000,0x00000007bee80000,0x00000007bee80000)
  from space 9216K, 49% used [0x00000007bf700000,0x00000007bfb6c198,0x00000007c0000000)
  to   space 8704K, 0% used [0x00000007bee80000,0x00000007bee80000,0x00000007bf700000)
 ParOldGen       total 303104K, used 66246K [0x0000000700000000, 0x0000000712800000, 0x00000007bc400000)
  object space 303104K, 21% used [0x0000000700000000,0x00000007040b1a60,0x0000000712800000)
 Metaspace       used 73567K, capacity 74263K, committed 74928K, reserved 1114112K
  class space    used 9898K, capacity 10050K, committed 10160K, reserved 1048576K
Event: 7899.206 GC heap after
Heap after GC invocations=660 (full 11):
 PSYoungGen      total 52224K, used 4080K [0x00000007bc400000, 0x00000007c0000000, 0x00000007c0000000)
  eden space 43520K, 0% used [0x00000007bc400000,0x00000007bc400000,0x00000007bee80000)
  from space 8704K, 46% used [0x00000007bee80000,0x00000007bf27c198,0x00000007bf700000)
  to   space 8192K, 0% used [0x00000007bf800000,0x00000007bf800000,0x00000007c0000000)
 ParOldGen       total 303104K, used 66774K [0x0000000700000000, 0x0000000712800000, 0x00000007bc400000)
  object space 303104K, 22% used [0x0000000700000000,0x0000000704135aa0,0x0000000712800000)
 Metaspace       used 73567K, capacity 74263K, committed 74928K, reserved 1114112K
  class space    used 9898K, capacity 10050K, committed 10160K, reserved 1048576K
}
Event: 7903.575 GC heap before
{Heap before GC invocations=661 (full 11):
 PSYoungGen      total 52224K, used 47600K [0x00000007bc400000, 0x00000007c0000000, 0x00000007c0000000)
  eden space 43520K, 100% used [0x00000007bc400000,0x00000007bee80000,0x00000007bee80000)
  from space 8704K, 46% used [0x00000007bee80000,0x00000007bf27c198,0x00000007bf700000)
  to   space 8192K, 0% used [0x00000007bf800000,0x00000007bf800000,0x00000007c0000000)
 ParOldGen       total 303104K, used 66774K [0x0000000700000000, 0x0000000712800000, 0x00000007bc400000)
  object space 303104K, 22% used [0x0000000700000000,0x0000000704135aa0,0x0000000712800000)
 Metaspace       used 73573K, capacity 74263K, committed 74928K, reserved 1114112K
  class space    used 9898K, capacity 10050K, committed 10160K, reserved 1048576K
Event: 7903.584 GC heap after
Heap after GC invocations=661 (full 11):
 PSYoungGen      total 53248K, used 4919K [0x00000007bc400000, 0x00000007c0000000, 0x00000007c0000000)
  eden space 45056K, 0% used [0x00000007bc400000,0x00000007bc400000,0x00000007bf000000)
  from space 8192K, 60% used [0x00000007bf800000,0x00000007bfccdc18,0x00000007c0000000)
  to   space 8192K, 0% used [0x00000007bf000000,0x00000007bf000000,0x00000007bf800000)
 ParOldGen       total 303104K, used 67440K [0x0000000700000000, 0x0000000712800000, 0x00000007bc400000)
  object space 303104K, 22% used [0x0000000700000000,0x00000007041dc040,0x0000000712800000)
 Metaspace       used 73573K, capacity 74263K, committed 74928K, reserved 1114112K
  class space    used 9898K, capacity 10050K, committed 10160K, reserved 1048576K
}
Event: 7924.357 GC heap before
{Heap before GC invocations=662 (full 11):
 PSYoungGen      total 53248K, used 49975K [0x00000007bc400000, 0x00000007c0000000, 0x00000007c0000000)
  eden space 45056K, 100% used [0x00000007bc400000,0x00000007bf000000,0x00000007bf000000)
  from space 8192K, 60% used [0x00000007bf800000,0x00000007bfccdc18,0x00000007c0000000)
  to   space 8192K, 0% used [0x00000007bf000000,0x00000007bf000000,0x00000007bf800000)
 ParOldGen       total 303104K, used 67440K [0x0000000700000000, 0x0000000712800000, 0x00000007bc400000)
  object space 303104K, 22% used [0x0000000700000000,0x00000007041dc040,0x0000000712800000)
 Metaspace       used 73575K, capacity 74263K, committed 74928K, reserved 1114112K
  class space    used 9898K, capacity 10050K, committed 10160K, reserved 1048576K
Event: 7924.361 GC heap after
Heap after GC invocations=662 (full 11):
 PSYoungGen      total 53248K, used 4471K [0x00000007bc400000, 0x00000007c0000000, 0x00000007c0000000)
  eden space 45056K, 0% used [0x00000007bc400000,0x00000007bc400000,0x00000007bf000000)
  from space 8192K, 54% used [0x00000007bf000000,0x00000007bf45dc18,0x00000007bf800000)
  to   space 7680K, 0% used [0x00000007bf880000,0x00000007bf880000,0x00000007c0000000)
 ParOldGen       total 303104K, used 67568K [0x0000000700000000, 0x0000000712800000, 0x00000007bc400000)
  object space 303104K, 22% used [0x0000000700000000,0x00000007041fc050,0x0000000712800000)
 Metaspace       used 73575K, capacity 74263K, committed 74928K, reserved 1114112K
  class space    used 9898K, capacity 10050K, committed 10160K, reserved 1048576K
}

